<?xml version="1.0" encoding="UTF-8"?>
<!-- Generated by org.testng.reporters.JUnitXMLReporter -->
<testsuite hostname="HDC4-DX-8K9M6C2" ignored="2" name="Application test" tests="4" failures="1" timestamp="16 Jan 2019 09:49:55 GMT" time="38.64" errors="0">
  <testcase name="Urltest" time="0.03" classname="com.TestNG.Logintest">
    <skipped/>
  </testcase> <!-- Urltest -->
  <testcase name="Urltest" time="0.019" classname="com.TestNG.Logintest">
    <skipped/>
  </testcase> <!-- Urltest -->
  <testcase name="Urltest" time="0.015" classname="com.TestNG.Logintest">
    <skipped/>
  </testcase> <!-- Urltest -->
  <testcase name="Urltest" time="0.013" classname="com.TestNG.Logintest">
    <failure type="java.lang.AssertionError" message="expected and actual result do not match">
      <![CDATA[java.lang.AssertionError: expected and actual result do not match
at com.TestNG.Logintest.Urltest(Logintest.java:83)
at java.util.concurrent.ThreadPoolExecutor.runWorker(ThreadPoolExecutor.java:1149)
at java.util.concurrent.ThreadPoolExecutor$Worker.run(ThreadPoolExecutor.java:624)
at java.lang.Thread.run(Thread.java:748)
... Removed 11 stack frames]]>
    </failure>
  </testcase> <!-- Urltest -->
  <testcase name="logintest" time="0.0" classname="com.TestNG.Logintest">
    <ignored/>
  </testcase> <!-- logintest -->
  <testcase name="logintest2" time="0.0" classname="com.TestNG.Logintest">
    <ignored/>
  </testcase> <!-- logintest2 -->
</testsuite> <!-- Application test -->
