<?xml version="1.0" encoding="UTF-8"?>
<!-- Generated by org.testng.reporters.JUnitXMLReporter -->
<testsuite hostname="HDC4-DX-8K9M6C2" ignored="1" name="Logintest" tests="2" failures="2" timestamp="06 Nov 2018 16:07:31 GMT" time="0.072" errors="0">
  <testcase name="logintest2" time="0.02" classname="com.TestNG.Logintest">
    <failure type="java.lang.NullPointerException">
      <![CDATA[java.lang.NullPointerException
at com.TestNG.Logintest.logintest2(Logintest.java:56)
... Removed 25 stack frames]]>
    </failure>
  </testcase> <!-- logintest2 -->
  <testcase name="logintest" time="0.002" classname="com.TestNG.Logintest">
    <failure type="java.lang.NullPointerException">
      <![CDATA[java.lang.NullPointerException
at com.TestNG.Logintest.logintest(Logintest.java:41)
... Removed 25 stack frames]]>
    </failure>
  </testcase> <!-- logintest -->
  <testcase name="Urltest" time="0.0" classname="com.TestNG.Logintest">
    <ignored/>
  </testcase> <!-- Urltest -->
</testsuite> <!-- Logintest -->
