<?xml version="1.0" encoding="UTF-8"?>
<!-- Generated by org.testng.reporters.JUnitXMLReporter -->
<testsuite hostname="HDC4-DX-8K9M6C2" ignored="2" name="testngTest" tests="1" failures="1" timestamp="06 Nov 2018 16:01:17 GMT" time="0.066" errors="0">
  <testcase name="logintest" time="0.021" classname="com.TestNG.Logintest">
    <failure type="java.lang.NullPointerException">
      <![CDATA[java.lang.NullPointerException
at com.TestNG.Logintest.logintest(Logintest.java:41)
... Removed 25 stack frames]]>
    </failure>
  </testcase> <!-- logintest -->
  <testcase name="Urltest" time="0.0" classname="com.TestNG.Logintest">
    <ignored/>
  </testcase> <!-- Urltest -->
  <testcase name="logintest2" time="0.0" classname="com.TestNG.Logintest">
    <ignored/>
  </testcase> <!-- logintest2 -->
</testsuite> <!-- testngTest -->
